<?xml version="1.0" encoding="UTF-8"?>
<!-- Generated by org.testng.reporters.JUnitReportReporter -->
<testsuite skipped="0" hostname="DESKTOP-JPKCAVC" name="uk.co.library.testsuite.JobSearchTest" tests="5" failures="0" timestamp="2022-05-10T15:11:24 BST" time="185.053" errors="0">
  <testcase name="verifyJobSearchResultUsingDifferentDataSet" time="35.239" classname="uk.co.library.testsuite.JobSearchTest"/>
  <system-out/>
  <testcase name="verifyJobSearchResultUsingDifferentDataSet" time="38.431" classname="uk.co.library.testsuite.JobSearchTest"/>
  <system-out/>
  <testcase name="verifyJobSearchResultUsingDifferentDataSet" time="37.836" classname="uk.co.library.testsuite.JobSearchTest"/>
  <system-out/>
  <testcase name="verifyJobSearchResultUsingDifferentDataSet" time="37.457" classname="uk.co.library.testsuite.JobSearchTest"/>
  <system-out/>
  <testcase name="verifyJobSearchResultUsingDifferentDataSet" time="36.090" classname="uk.co.library.testsuite.JobSearchTest"/>
  <system-out/>
</testsuite> <!-- uk.co.library.testsuite.JobSearchTest -->
